<?xml version="1.0" encoding="UTF-8"?>
<testsuite name="ohtuesimerkki.StatisticsTest" tests="4" skipped="0" failures="0" errors="0" timestamp="2020-04-01T14:01:26" hostname="localhost.localdomain" time="0.019">
  <properties/>
  <testcase name="pelaajaLoytyy" classname="ohtuesimerkki.StatisticsTest" time="0.01"/>
  <testcase name="joukkueenPelaajiaOikeaMaara" classname="ohtuesimerkki.StatisticsTest" time="0.001"/>
  <testcase name="olematonPelaajaPalauttaaNull" classname="ohtuesimerkki.StatisticsTest" time="0.0"/>
  <testcase name="enitenPisteitaTuottanutPelaajaOnOikea" classname="ohtuesimerkki.StatisticsTest" time="0.002"/>
  <system-out><![CDATA[]]></system-out>
  <system-err><![CDATA[]]></system-err>
</testsuite>
